TripsPerDay,2017-11-11,50
TripsPerDay,2017-11-01,99
TripsPerDay,2017-10-31,1
VehiclesPerDay,2017-11-11,2
VehiclesPerDay,2017-11-01,2
VehiclesPerDay,2017-10-31,1
TripsWithoutDropOff,yellow,0
TripsWithoutDropOff,green,0
TripsWithoutDropOff,fhv,0
MinutesPerTrip,yellow,423
MinutesPerTrip,green,453
MinutesPerTrip,fhv,1057
TripsPerDay,2017-11-11,100
TripsPerDay,2017-11-01,199
TripsPerDay,2017-10-31,1
VehiclesPerDay,2017-11-11,5
VehiclesPerDay,2017-11-01,2
VehiclesPerDay,2017-10-31,1
TripsWithoutDropOff,yellow,0
TripsWithoutDropOff,green,0
TripsWithoutDropOff,fhv,13
MinutesPerTrip,yellow,1101
MinutesPerTrip,green,3831
MinutesPerTrip,fhv,2262
TripsPerDay,2017-11-11,150
TripsPerDay,2017-11-01,297
TripsPerDay,2017-10-31,3
VehiclesPerDay,2017-11-11,5
VehiclesPerDay,2017-11-01,2
VehiclesPerDay,2017-10-31,1
TripsWithoutDropOff,yellow,0
TripsWithoutDropOff,green,0
TripsWithoutDropOff,fhv,13
MinutesPerTrip,yellow,1589
MinutesPerTrip,green,4264
MinutesPerTrip,fhv,3131
TripsPerDay,2017-11-11,200
TripsPerDay,2017-11-01,396
TripsPerDay,2017-10-31,4
VehiclesPerDay,2017-11-11,5
VehiclesPerDay,2017-11-01,2
VehiclesPerDay,2017-10-31,1
TripsWithoutDropOff,yellow,0
TripsWithoutDropOff,green,0
TripsWithoutDropOff,fhv,13
MinutesPerTrip,yellow,2155
MinutesPerTrip,green,4769
MinutesPerTrip,fhv,4043
TripsPerDay,2017-11-11,250
TripsPerDay,2017-11-01,492
TripsPerDay,2017-10-31,8
VehiclesPerDay,2017-11-11,6
VehiclesPerDay,2017-11-01,2
VehiclesPerDay,2017-10-31,1
TripsWithoutDropOff,yellow,0
TripsWithoutDropOff,green,0
TripsWithoutDropOff,fhv,14
